52
 energy: -108.102011435957 gnorm: 0.225538267259 xtb: 6.7.1 (unknown)
C           -2.63036300000000        2.59488600000000       -3.51324400000000
O           -3.59055300000000        2.27163800000000       -2.51541900000000
N           -2.93615200000000        1.60841800000000       -1.47121600000000
C           -3.73384800000000        1.22987800000000       -0.50626300000000
C           -3.01897000000000        0.57128600000000        0.69215500000000
O           -3.63346800000000       -0.10981400000000        1.50059800000000
N           -1.67133300000000        0.84657900000000        0.75420600000000
C           -0.79576200000000        0.41109100000000        1.87501900000000
C            0.32771300000000        1.43822300000000        2.24511000000000
O            0.33516200000000        2.60446500000000        2.56312600000000
N            1.24882700000000        0.46790000000000        2.10137500000000
C            2.59863400000000        0.31672900000000        2.20460500000000
C            3.49711100000000        1.57936600000000        2.42323600000000
O            3.62030900000000        2.31244900000000        1.39782500000000
O            3.99384300000000        1.68960600000000        3.58052300000000
C            3.14350400000000       -0.92494000000000        2.11761100000000
C            4.63818400000000       -1.17013100000000        2.21939800000000
S            5.53091700000000       -0.83003900000000        0.67979200000000
C            4.77203900000000       -2.01705900000000       -0.38393600000000
N            5.06559000000000       -3.24467200000000       -0.10961500000000
C            4.51202600000000       -4.16398800000000       -0.98516700000000
O            4.92002700000000       -5.32390200000000       -0.96904700000000
C            3.38325200000000       -3.69562300000000       -1.99901100000000
O            2.80301600000000       -4.66916900000000       -2.51738900000000
N            3.17767000000000       -2.42054800000000       -2.17019300000000
N            3.95606500000000       -1.57171400000000       -1.41595400000000
C            3.61839700000000       -0.16538400000000       -1.61269800000000
C            2.32958700000000       -2.20876900000000        1.99081000000000
S            0.55852200000000       -2.04753800000000        2.41491700000000
C            0.39062500000000       -0.51063900000000        1.47582500000000
C           -5.19379800000000        1.41479800000000       -0.48530000000000
C           -5.95023000000000        1.51085800000000        0.67238100000000
S           -7.61051600000000        1.70627900000000        0.30092200000000
C           -7.22998800000000        1.65837600000000       -1.36741500000000
N           -8.18336600000000        1.74862000000000       -2.31282400000000
N           -5.96519200000000        1.49545800000000       -1.65087700000000
H           -1.87201500000000        3.26681000000000       -3.10142900000000
H           -2.15939600000000        1.68519700000000       -3.89949700000000
H           -3.14367000000000        3.10311400000000       -4.33398300000000
H           -1.29418800000000        1.43285500000000        0.00944000000000
H           -1.37025500000000        0.10456600000000        2.75881400000000
H            5.08076200000000       -0.55400700000000        3.00874500000000
H            4.84378900000000       -2.20304400000000        2.52454900000000
H            3.09461600000000       -0.01954900000000       -2.56416400000000
H            2.95778300000000        0.18800700000000       -0.81719600000000
H            4.51476200000000        0.46203100000000       -1.65066300000000
H            2.72623500000000       -2.96842200000000        2.67154900000000
H            2.39811700000000       -2.60114000000000        0.97359900000000
H            0.55287400000000       -0.60228900000000        0.39457000000000
H           -5.61858100000000        1.47005100000000        1.70272600000000
H           -7.88137300000000        1.39935600000000       -3.21687100000000
H           -9.10694200000000        1.43349100000000       -2.04677400000000
